2017-07-26 05:20:37,006 INFO  c.c.d.collector.CollectorTask - -----------------------------------
2017-07-26 05:20:37,012 INFO  c.c.d.collector.CollectorTask - server1
2017-07-26 05:20:37,012 INFO  c.c.d.collector.CollectorTask - -----------------------------------
2017-07-26 05:20:37,014 INFO  c.c.d.collector.CollectorTask - Fetched jobs                     0s
2017-07-26 05:20:37,042 INFO  c.c.d.collector.CollectorTask - New jobs                0        0s
2017-07-26 05:20:37,047 INFO  c.c.d.collector.CollectorTask - New builds              0        0s
2017-07-26 05:20:37,047 INFO  c.c.d.collector.CollectorTask - Finished                         0s
2017-07-26 05:20:37,075 INFO  c.c.d.collector.CollectorTask - -----------------------------------
2017-07-26 05:20:37,075 INFO  c.c.d.collector.CollectorTask - server1
2017-07-26 05:20:37,075 INFO  c.c.d.collector.CollectorTask - -----------------------------------
2017-07-26 05:20:37,075 INFO  c.c.d.collector.CollectorTask - Fetched jobs                     0s
2017-07-26 05:20:37,075 INFO  c.c.d.collector.CollectorTask - New jobs                1        0s
2017-07-26 05:20:37,075 INFO  c.c.d.collector.CollectorTask - New builds              0        0s
2017-07-26 05:20:37,076 INFO  c.c.d.collector.CollectorTask - Finished                         0s
2017-07-26 05:20:37,079 INFO  c.c.d.collector.CollectorTask - -----------------------------------
2017-07-26 05:20:37,079 INFO  c.c.d.collector.CollectorTask - server1
2017-07-26 05:20:37,079 INFO  c.c.d.collector.CollectorTask - -----------------------------------
2017-07-26 05:20:37,079 INFO  c.c.d.collector.CollectorTask - Fetched jobs                     0s
2017-07-26 05:20:37,079 INFO  c.c.d.collector.CollectorTask - New jobs                0        0s
2017-07-26 05:20:37,079 INFO  c.c.d.collector.CollectorTask - New builds              0        0s
2017-07-26 05:20:37,080 INFO  c.c.d.collector.CollectorTask - Finished                         0s
2017-07-26 05:20:37,082 INFO  c.c.d.collector.CollectorTask - -----------------------------------
2017-07-26 05:20:37,082 INFO  c.c.d.collector.CollectorTask - server1
2017-07-26 05:20:37,082 INFO  c.c.d.collector.CollectorTask - -----------------------------------
2017-07-26 05:20:37,082 INFO  c.c.d.collector.CollectorTask - Fetched jobs                     0s
2017-07-26 05:20:37,082 INFO  c.c.d.collector.CollectorTask - New jobs                1        0s
2017-07-26 05:20:37,082 INFO  c.c.d.collector.CollectorTask - New builds              0        0s
2017-07-26 05:20:37,082 INFO  c.c.d.collector.CollectorTask - Finished                         0s
2017-07-26 05:20:37,084 INFO  c.c.d.collector.CollectorTask - -----------------------------------
2017-07-26 05:20:37,084 INFO  c.c.d.collector.CollectorTask - server1
2017-07-26 05:20:37,084 INFO  c.c.d.collector.CollectorTask - -----------------------------------
2017-07-26 05:20:37,084 INFO  c.c.d.collector.CollectorTask - Fetched jobs                     0s
2017-07-26 05:20:37,084 INFO  c.c.d.collector.CollectorTask - New jobs                2        0s
2017-07-26 05:20:37,106 INFO  c.c.d.collector.CollectorTask - New builds              0        0s
2017-07-26 05:20:37,106 INFO  c.c.d.collector.CollectorTask - Finished                         0s
2017-07-26 05:20:37,108 INFO  c.c.d.collector.CollectorTask - -----------------------------------
2017-07-26 05:20:37,109 INFO  c.c.d.collector.CollectorTask - server1
2017-07-26 05:20:37,109 INFO  c.c.d.collector.CollectorTask - -----------------------------------
2017-07-26 05:20:37,109 INFO  c.c.d.collector.CollectorTask - Fetched jobs                     0s
2017-07-26 05:20:37,109 INFO  c.c.d.collector.CollectorTask - New jobs                1        0s
2017-07-26 05:20:37,109 INFO  c.c.d.collector.CollectorTask - New builds              0        0s
2017-07-26 05:20:37,109 INFO  c.c.d.collector.CollectorTask - Finished                         0s
2017-07-26 05:20:37,111 INFO  c.c.d.collector.CollectorTask - -----------------------------------
2017-07-26 05:20:37,111 INFO  c.c.d.collector.CollectorTask - server1
2017-07-26 05:20:37,111 INFO  c.c.d.collector.CollectorTask - -----------------------------------
2017-07-26 05:20:37,111 INFO  c.c.d.collector.CollectorTask - Fetched jobs                     0s
2017-07-26 05:20:37,111 INFO  c.c.d.collector.CollectorTask - New jobs                1        0s
2017-07-26 05:20:37,112 INFO  c.c.d.collector.CollectorTask - New builds              1        0s
2017-07-26 05:20:37,112 INFO  c.c.d.collector.CollectorTask - Finished                         0s
2017-07-26 05:20:37,129 INFO  c.c.d.collector.CollectorTask - -----------------------------------
2017-07-26 05:20:37,129 INFO  c.c.d.collector.CollectorTask - server1
2017-07-26 05:20:37,129 INFO  c.c.d.collector.CollectorTask - -----------------------------------
2017-07-26 05:20:37,129 INFO  c.c.d.collector.CollectorTask - Fetched jobs                     0s
2017-07-26 05:20:37,129 INFO  c.c.d.collector.CollectorTask - New jobs                0        0s
2017-07-26 05:20:37,129 INFO  c.c.d.collector.CollectorTask - New builds              0        0s
2017-07-26 05:20:37,130 INFO  c.c.d.collector.CollectorTask - Finished                         0s
