2017-07-26 05:20:52,470 INFO  c.c.d.collector.CollectorTask - -----------------------------------
2017-07-26 05:20:52,475 INFO  c.c.d.collector.CollectorTask - server1
2017-07-26 05:20:52,475 INFO  c.c.d.collector.CollectorTask - -----------------------------------
2017-07-26 05:20:52,477 INFO  c.c.d.collector.CollectorTask - Fetched projects   0             0s
2017-07-26 05:20:52,477 INFO  c.c.d.collector.CollectorTask - New projects            0        0s
2017-07-26 05:20:52,478 INFO  c.c.d.collector.CollectorTask - Updated                 0        0s
2017-07-26 05:20:52,478 INFO  c.c.d.collector.CollectorTask - Finished                         0s
2017-07-26 05:20:52,478 INFO  c.c.d.collector.CollectorTask - -----------------------------------
2017-07-26 05:20:52,478 INFO  c.c.d.collector.CollectorTask - server2
2017-07-26 05:20:52,478 INFO  c.c.d.collector.CollectorTask - -----------------------------------
2017-07-26 05:20:52,478 INFO  c.c.d.collector.CollectorTask - Fetched projects   0             0s
2017-07-26 05:20:52,478 INFO  c.c.d.collector.CollectorTask - New projects            0        0s
2017-07-26 05:20:52,479 INFO  c.c.d.collector.CollectorTask - Updated                 0        0s
2017-07-26 05:20:52,479 INFO  c.c.d.collector.CollectorTask - Finished                         0s
2017-07-26 05:20:52,486 INFO  c.c.d.collector.CollectorTask - -----------------------------------
2017-07-26 05:20:52,486 INFO  c.c.d.collector.CollectorTask - server1
2017-07-26 05:20:52,487 INFO  c.c.d.collector.CollectorTask - -----------------------------------
2017-07-26 05:20:52,487 INFO  c.c.d.collector.CollectorTask - Fetched projects   0             0s
2017-07-26 05:20:52,487 INFO  c.c.d.collector.CollectorTask - New projects            0        0s
2017-07-26 05:20:52,487 INFO  c.c.d.collector.CollectorTask - Updated                 0        0s
2017-07-26 05:20:52,487 INFO  c.c.d.collector.CollectorTask - Finished                         0s
2017-07-26 05:20:52,515 INFO  c.c.d.collector.CollectorTask - -----------------------------------
2017-07-26 05:20:52,515 INFO  c.c.d.collector.CollectorTask - server1
2017-07-26 05:20:52,515 INFO  c.c.d.collector.CollectorTask - -----------------------------------
2017-07-26 05:20:52,516 INFO  c.c.d.collector.CollectorTask - Fetched projects   0             0s
2017-07-26 05:20:52,516 INFO  c.c.d.collector.CollectorTask - New projects            0        0s
2017-07-26 05:20:52,516 INFO  c.c.d.collector.CollectorTask - Updated                 0        0s
2017-07-26 05:20:52,516 INFO  c.c.d.collector.CollectorTask - Finished                         0s
2017-07-26 05:20:52,518 INFO  c.c.d.collector.CollectorTask - -----------------------------------
2017-07-26 05:20:52,518 INFO  c.c.d.collector.CollectorTask - server1
2017-07-26 05:20:52,518 INFO  c.c.d.collector.CollectorTask - -----------------------------------
2017-07-26 05:20:52,518 INFO  c.c.d.collector.CollectorTask - Fetched projects   0             0s
2017-07-26 05:20:52,518 INFO  c.c.d.collector.CollectorTask - New projects            0        0s
2017-07-26 05:20:52,519 INFO  c.c.d.collector.CollectorTask - Updated                 0        0s
2017-07-26 05:20:52,519 INFO  c.c.d.collector.CollectorTask - Finished                         0s
