2017-07-26 05:22:01,218 ERROR c.c.d.collector.DefaultNexusIQClient - org.springframework.web.client.RestClientException: 404
2017-07-26 05:22:01,350 ERROR c.c.d.collector.DefaultNexusIQClient - RestClientException from: http://nexus.com/api/v2/applications/Innovation-Challenge-picket/reports/967635a9cdc54d2cb30cf6f87f3a8943. Error code=404
2017-07-26 05:22:01,395 ERROR c.c.d.collector.DefaultNexusIQClient - Could not parse response from: http://nexusiq.com/api/v2/applications
org.json.simple.parser.ParseException: null
	at org.json.simple.parser.JSONParser.parse(JSONParser.java:257) ~[json-simple-1.1.1.jar:na]
	at org.json.simple.parser.JSONParser.parse(JSONParser.java:81) ~[json-simple-1.1.1.jar:na]
	at org.json.simple.parser.JSONParser.parse(JSONParser.java:75) ~[json-simple-1.1.1.jar:na]
	at com.capitalone.dashboard.collector.DefaultNexusIQClient.parseAsObject(DefaultNexusIQClient.java:250) ~[classes/:na]
	at com.capitalone.dashboard.collector.DefaultNexusIQClient.getApplications(DefaultNexusIQClient.java:74) ~[classes/:na]
	at com.capitalone.dashboard.collector.DefaultNexusIQClientTest.getApplicationsEmpty(DefaultNexusIQClientTest.java:88) [test-classes/:na]
	at sun.reflect.NativeMethodAccessorImpl.invoke0(Native Method) ~[na:1.8.0_141]
	at sun.reflect.NativeMethodAccessorImpl.invoke(NativeMethodAccessorImpl.java:62) ~[na:1.8.0_141]
	at sun.reflect.DelegatingMethodAccessorImpl.invoke(DelegatingMethodAccessorImpl.java:43) ~[na:1.8.0_141]
	at java.lang.reflect.Method.invoke(Method.java:498) ~[na:1.8.0_141]
	at org.junit.runners.model.FrameworkMethod$1.runReflectiveCall(FrameworkMethod.java:50) [junit-4.12.jar:4.12]
	at org.junit.internal.runners.model.ReflectiveCallable.run(ReflectiveCallable.java:12) [junit-4.12.jar:4.12]
	at org.junit.runners.model.FrameworkMethod.invokeExplosively(FrameworkMethod.java:47) [junit-4.12.jar:4.12]
	at org.junit.internal.runners.statements.InvokeMethod.evaluate(InvokeMethod.java:17) [junit-4.12.jar:4.12]
	at org.junit.internal.runners.statements.RunBefores.evaluate(RunBefores.java:26) [junit-4.12.jar:4.12]
	at org.junit.runners.ParentRunner.runLeaf(ParentRunner.java:325) [junit-4.12.jar:4.12]
	at org.junit.runners.BlockJUnit4ClassRunner.runChild(BlockJUnit4ClassRunner.java:78) [junit-4.12.jar:4.12]
	at org.junit.runners.BlockJUnit4ClassRunner.runChild(BlockJUnit4ClassRunner.java:57) [junit-4.12.jar:4.12]
	at org.junit.runners.ParentRunner$3.run(ParentRunner.java:290) [junit-4.12.jar:4.12]
	at org.junit.runners.ParentRunner$1.schedule(ParentRunner.java:71) [junit-4.12.jar:4.12]
	at org.junit.runners.ParentRunner.runChildren(ParentRunner.java:288) [junit-4.12.jar:4.12]
	at org.junit.runners.ParentRunner.access$000(ParentRunner.java:58) [junit-4.12.jar:4.12]
	at org.junit.runners.ParentRunner$2.evaluate(ParentRunner.java:268) [junit-4.12.jar:4.12]
	at org.junit.runners.ParentRunner.run(ParentRunner.java:363) [junit-4.12.jar:4.12]
	at org.mockito.internal.runners.JUnit45AndHigherRunnerImpl.run(JUnit45AndHigherRunnerImpl.java:37) [mockito-core-1.10.19.jar:na]
	at org.mockito.runners.MockitoJUnitRunner.run(MockitoJUnitRunner.java:62) [mockito-core-1.10.19.jar:na]
	at org.apache.maven.surefire.junit4.JUnit4Provider.execute(JUnit4Provider.java:283) [surefire-junit4-2.18.1.jar:2.18.1]
	at org.apache.maven.surefire.junit4.JUnit4Provider.executeWithRerun(JUnit4Provider.java:173) [surefire-junit4-2.18.1.jar:2.18.1]
	at org.apache.maven.surefire.junit4.JUnit4Provider.executeTestSet(JUnit4Provider.java:153) [surefire-junit4-2.18.1.jar:2.18.1]
	at org.apache.maven.surefire.junit4.JUnit4Provider.invoke(JUnit4Provider.java:128) [surefire-junit4-2.18.1.jar:2.18.1]
	at org.apache.maven.surefire.booter.ForkedBooter.invokeProviderInSameClassLoader(ForkedBooter.java:203) [surefire-booter-2.18.1.jar:2.18.1]
	at org.apache.maven.surefire.booter.ForkedBooter.runSuitesInProcess(ForkedBooter.java:155) [surefire-booter-2.18.1.jar:2.18.1]
	at org.apache.maven.surefire.booter.ForkedBooter.main(ForkedBooter.java:103) [surefire-booter-2.18.1.jar:2.18.1]
